  KeyFrames.cpp
D:\Semestre 2025-1\Computación gráfica\Lab. Computación gráfica\CGIHC\2\ConfigInicial\ConfigInicial\KeyFrames.cpp(522,24): warning C4244: 'initializing': conversion from 'double' to 'GLfloat', possible loss of data
D:\Semestre 2025-1\Computación gráfica\Lab. Computación gráfica\CGIHC\2\ConfigInicial\ConfigInicial\KeyFrames.cpp(562,20): warning C4244: '=': conversion from 'double' to 'T', possible loss of data
D:\Semestre 2025-1\Computación gráfica\Lab. Computación gráfica\CGIHC\2\ConfigInicial\ConfigInicial\KeyFrames.cpp(562,20): warning C4244:         with
D:\Semestre 2025-1\Computación gráfica\Lab. Computación gráfica\CGIHC\2\ConfigInicial\ConfigInicial\KeyFrames.cpp(562,20): warning C4244:         [
D:\Semestre 2025-1\Computación gráfica\Lab. Computación gráfica\CGIHC\2\ConfigInicial\ConfigInicial\KeyFrames.cpp(562,20): warning C4244:             T=float
D:\Semestre 2025-1\Computación gráfica\Lab. Computación gráfica\CGIHC\2\ConfigInicial\ConfigInicial\KeyFrames.cpp(562,20): warning C4244:         ]
D:\Semestre 2025-1\Computación gráfica\Lab. Computación gráfica\CGIHC\2\ConfigInicial\ConfigInicial\KeyFrames.cpp(563,20): warning C4244: '=': conversion from 'double' to 'T', possible loss of data
D:\Semestre 2025-1\Computación gráfica\Lab. Computación gráfica\CGIHC\2\ConfigInicial\ConfigInicial\KeyFrames.cpp(563,20): warning C4244:         with
D:\Semestre 2025-1\Computación gráfica\Lab. Computación gráfica\CGIHC\2\ConfigInicial\ConfigInicial\KeyFrames.cpp(563,20): warning C4244:         [
D:\Semestre 2025-1\Computación gráfica\Lab. Computación gráfica\CGIHC\2\ConfigInicial\ConfigInicial\KeyFrames.cpp(563,20): warning C4244:             T=float
D:\Semestre 2025-1\Computación gráfica\Lab. Computación gráfica\CGIHC\2\ConfigInicial\ConfigInicial\KeyFrames.cpp(563,20): warning C4244:         ]
D:\Semestre 2025-1\Computación gráfica\Lab. Computación gráfica\CGIHC\2\ConfigInicial\ConfigInicial\KeyFrames.cpp(564,20): warning C4244: '=': conversion from 'double' to 'T', possible loss of data
D:\Semestre 2025-1\Computación gráfica\Lab. Computación gráfica\CGIHC\2\ConfigInicial\ConfigInicial\KeyFrames.cpp(564,20): warning C4244:         with
D:\Semestre 2025-1\Computación gráfica\Lab. Computación gráfica\CGIHC\2\ConfigInicial\ConfigInicial\KeyFrames.cpp(564,20): warning C4244:         [
D:\Semestre 2025-1\Computación gráfica\Lab. Computación gráfica\CGIHC\2\ConfigInicial\ConfigInicial\KeyFrames.cpp(564,20): warning C4244:             T=float
D:\Semestre 2025-1\Computación gráfica\Lab. Computación gráfica\CGIHC\2\ConfigInicial\ConfigInicial\KeyFrames.cpp(564,20): warning C4244:         ]
D:\Semestre 2025-1\Computación gráfica\Lab. Computación gráfica\CGIHC\2\ConfigInicial\ConfigInicial\KeyFrames.cpp(770,23): warning C4305: '-=': truncation from 'double' to 'float'
D:\Semestre 2025-1\Computación gráfica\Lab. Computación gráfica\CGIHC\2\ConfigInicial\ConfigInicial\KeyFrames.cpp(867,14): warning C4305: '+=': truncation from 'double' to 'float'
D:\Semestre 2025-1\Computación gráfica\Lab. Computación gráfica\CGIHC\2\ConfigInicial\ConfigInicial\KeyFrames.cpp(872,14): warning C4305: '-=': truncation from 'double' to 'float'
D:\Semestre 2025-1\Computación gráfica\Lab. Computación gráfica\CGIHC\2\ConfigInicial\ConfigInicial\KeyFrames.cpp(877,14): warning C4305: '-=': truncation from 'double' to 'float'
D:\Semestre 2025-1\Computación gráfica\Lab. Computación gráfica\CGIHC\2\ConfigInicial\ConfigInicial\KeyFrames.cpp(882,14): warning C4305: '+=': truncation from 'double' to 'float'
D:\Semestre 2025-1\Computación gráfica\Lab. Computación gráfica\CGIHC\2\ConfigInicial\ConfigInicial\KeyFrames.cpp(887,14): warning C4305: '-=': truncation from 'double' to 'float'
D:\Semestre 2025-1\Computación gráfica\Lab. Computación gráfica\CGIHC\2\ConfigInicial\ConfigInicial\KeyFrames.cpp(892,14): warning C4305: '+=': truncation from 'double' to 'float'
D:\Semestre 2025-1\Computación gráfica\Lab. Computación gráfica\CGIHC\2\ConfigInicial\ConfigInicial\KeyFrames.cpp(1068,11): warning C4244: '=': conversion from 'double' to 'GLfloat', possible loss of data
D:\Semestre 2025-1\Computación gráfica\Lab. Computación gráfica\CGIHC\2\ConfigInicial\ConfigInicial\KeyFrames.cpp(1069,11): warning C4244: '=': conversion from 'double' to 'GLfloat', possible loss of data
D:\Semestre 2025-1\Computación gráfica\Lab. Computación gráfica\CGIHC\2\ConfigInicial\ConfigInicial\KeyFrames.cpp(1073,18): warning C4244: 'initializing': conversion from 'double' to 'GLfloat', possible loss of data
D:\Semestre 2025-1\Computación gráfica\Lab. Computación gráfica\CGIHC\2\ConfigInicial\ConfigInicial\KeyFrames.cpp(1074,18): warning C4244: 'initializing': conversion from 'double' to 'GLfloat', possible loss of data
D:\Semestre 2025-1\Computación gráfica\Lab. Computación gráfica\CGIHC\2\ConfigInicial\ConfigInicial\KeyFrames.cpp(1076,10): warning C4244: '=': conversion from 'double' to 'GLfloat', possible loss of data
D:\Semestre 2025-1\Computación gráfica\Lab. Computación gráfica\CGIHC\2\ConfigInicial\ConfigInicial\KeyFrames.cpp(1077,10): warning C4244: '=': conversion from 'double' to 'GLfloat', possible loss of data
  ConfigInicial.vcxproj -> D:\Semestre 2025-1\Computación gráfica\Lab. Computación gráfica\CGIHC\2\ConfigInicial\Debug\ConfigInicial.exe
